<?xml version="1.0" encoding="UTF-8"?>
<!-- Generated by org.testng.reporters.JUnitReportReporter -->
<testsuite hostname="Lenovo-PC" failures="0" tests="3" name="com.herokuapp.tests.JSAlertsTests" time="21.101" errors="0" timestamp="2024-04-21T23:59:02 MESZ" skipped="0">
  <testcase classname="com.herokuapp.tests.JSAlertsTests" name="JSPromt" time="6.026"/>
  <testcase classname="com.herokuapp.tests.JSAlertsTests" name="JSAConfirm" time="9.371"/>
  <testcase classname="com.herokuapp.tests.JSAlertsTests" name="JSAlert" time="5.704"/>
</testsuite> <!-- com.herokuapp.tests.JSAlertsTests -->
